<?xml version="1.0" encoding="UTF-8"?>
<testng-results skipped="0" failed="0" total="1" passed="1">
  <reporter-output>
  </reporter-output>
  <suite name="Command line suite" duration-ms="38" started-at="2019-02-27T05:50:45Z" finished-at="2019-02-27T05:50:45Z">
    <groups>
    </groups>
    <test name="Command line test" duration-ms="38" started-at="2019-02-27T05:50:45Z" finished-at="2019-02-27T05:50:45Z">
      <class name="com.automation.XAssure.AppTest">
        <test-method status="PASS" signature="testApp()[pri:0, instance:testApp(com.automation.XAssure.AppTest)]" name="testApp" duration-ms="3" started-at="2019-02-27T11:20:45Z" finished-at="2019-02-27T11:20:45Z">
          <reporter-output>
          </reporter-output>
        </test-method> <!-- testApp -->
      </class> <!-- com.automation.XAssure.AppTest -->
    </test> <!-- Command line test -->
  </suite> <!-- Command line suite -->
</testng-results>
